0 info it worked if it ends with ok
1 verbose cli [ 'C:\\Program Files (x86)\\nodejs\\\\node.exe',
1 verbose cli   'C:\\Program Files (x86)\\nodejs\\node_modules\\npm\\bin\\npm-cli.js',
1 verbose cli   'install',
1 verbose cli   '-g',
1 verbose cli   'bower' ]
2 info using npm@2.11.2
3 info using node@v0.12.5
4 verbose install initial load of C:\Users\drestrepoa\AppData\Roaming\npm\package.json
5 verbose readDependencies loading dependencies from C:\Users\drestrepoa\AppData\Roaming\npm\package.json
6 silly cache add args [ 'bower', null ]
7 verbose cache add spec bower
8 silly cache add parsed spec { raw: 'bower',
8 silly cache add   scope: null,
8 silly cache add   name: 'bower',
8 silly cache add   rawSpec: '',
8 silly cache add   spec: '*',
8 silly cache add   type: 'range' }
9 silly addNamed bower@*
10 verbose addNamed "*" is a valid semver range for bower
11 silly addNameRange { name: 'bower', range: '*', hasData: false }
12 silly mapToRegistry name bower
13 silly mapToRegistry using default registry
14 silly mapToRegistry registry https://registry.npmjs.org/
15 silly mapToRegistry uri https://registry.npmjs.org/bower
16 verbose addNameRange registry:https://registry.npmjs.org/bower not in flight; fetching
17 verbose request uri https://registry.npmjs.org/bower
18 verbose request no auth needed
19 info attempt registry request try #1 at 15:10:21
20 verbose request id 04c234984658c4af
21 http request GET https://registry.npmjs.org/bower
22 info retry will retry, error on last attempt: Error: tunneling socket could not be established, cause=getaddrinfo ENOTFOUND 8080
23 info attempt registry request try #2 at 15:10:33
24 http request GET https://registry.npmjs.org/bower
25 info retry will retry, error on last attempt: Error: tunneling socket could not be established, cause=getaddrinfo ENOTFOUND 8080
26 info attempt registry request try #3 at 15:11:35
27 http request GET https://registry.npmjs.org/bower
28 verbose stack Error: tunneling socket could not be established, cause=getaddrinfo ENOTFOUND 8080
28 verbose stack     at ClientRequest.onError (C:\Program Files (x86)\nodejs\node_modules\npm\node_modules\request\node_modules\tunnel-agent\index.js:168:17)
28 verbose stack     at ClientRequest.g (events.js:199:16)
28 verbose stack     at ClientRequest.emit (events.js:107:17)
28 verbose stack     at Socket.socketErrorListener (_http_client.js:271:9)
28 verbose stack     at Socket.emit (events.js:107:17)
28 verbose stack     at net.js:950:16
28 verbose stack     at process._tickCallback (node.js:355:11)
29 verbose cwd E:\Deloitte\Autoestudio\Project\directory\UI
30 error Windows_NT 6.1.7601
31 error argv "C:\\Program Files (x86)\\nodejs\\\\node.exe" "C:\\Program Files (x86)\\nodejs\\node_modules\\npm\\bin\\npm-cli.js" "install" "-g" "bower"
32 error node v0.12.5
33 error npm  v2.11.2
34 error code ECONNRESET
35 error network tunneling socket could not be established, cause=getaddrinfo ENOTFOUND 8080
35 error network This is most likely not a problem with npm itself
35 error network and is related to network connectivity.
35 error network In most cases you are behind a proxy or have bad network settings.
35 error network
35 error network If you are behind a proxy, please make sure that the
35 error network 'proxy' config is set properly.  See: 'npm help config'
36 verbose exit [ 1, true ]
